0 info it worked if it ends with ok
1 verbose cli [ '/home/engshare/third-party/gcc-4.8.1-glibc-2.17/node/node-0.10.22/76d364e/bin/node',
1 verbose cli   '/home/sid0/shared/bin/npm',
1 verbose cli   'start' ]
2 info using npm@1.3.14
3 info using node@v0.10.22
4 verbose run-script [ 'prestart', 'start', 'poststart' ]
5 info prestart @
6 info start @
7 verbose unsafe-perm in lifecycle true
8 info @ Failed to exec start script
9 error @ start: `node server/server.js`
9 error Exit status 8
10 error Failed at the @ start script.
10 error This is most likely a problem with the  package,
10 error not with npm itself.
10 error Tell the author that this fails on your system:
10 error     node server/server.js
10 error You can get their info via:
10 error     npm owner ls
10 error There is likely additional logging output above.
11 error System Linux 3.10.53-53_fbk16_03039_ga3dd9e6
12 error command "/home/engshare/third-party/gcc-4.8.1-glibc-2.17/node/node-0.10.22/76d364e/bin/node" "/home/sid0/shared/bin/npm" "start"
13 error cwd /data/users/sid0/watchman/website
14 error node -v v0.10.22
15 error npm -v 1.3.14
16 error code ELIFECYCLE
17 verbose exit [ 1, true ]
